<?xml version="1.0" encoding="UTF-8"?>
<testng-results total="1" passed="1" failed="0" skipped="0">
  <reporter-output>
  </reporter-output>
  <suite started-at="2022-08-27T10:27:47Z" name="Default suite" finished-at="2022-08-27T10:27:50Z" duration-ms="2916">
    <groups>
    </groups>
    <test started-at="2022-08-27T10:27:47Z" name="Default test" finished-at="2022-08-27T10:27:50Z" duration-ms="2916">
      <class name="com.qa.tests.PostAPITest">
        <test-method is-config="true" signature="setUp()[pri:0, instance:com.qa.tests.PostAPITest@4d5650ae]" started-at="2022-08-27T15:57:47Z" name="setUp" finished-at="2022-08-27T15:57:48Z" duration-ms="32" status="PASS">
          <reporter-output>
          </reporter-output>
        </test-method> <!-- setUp -->
        <test-method signature="postAPITest()[pri:0, instance:com.qa.tests.PostAPITest@4d5650ae]" started-at="2022-08-27T15:57:48Z" name="postAPITest" finished-at="2022-08-27T15:57:50Z" duration-ms="2822" status="PASS">
          <reporter-output>
          </reporter-output>
        </test-method> <!-- postAPITest -->
      </class> <!-- com.qa.tests.PostAPITest -->
    </test> <!-- Default test -->
  </suite> <!-- Default suite -->
</testng-results>
